20170419-11:17:07.340 000007D4 - ERROR: StartService() error 2
20170710-10:10:55.075 00000E60 - ERROR: StartService() error 5
20170720-16:58:01.879 000023A0 - ERROR: StartService() error 2
20170916-11:44:14.807 000017C4 - ERROR: StartService() error 5
20171023-17:36:31.017 00000DB8 - ERROR: StartService() error 5
20180730-10:27:06.012 0000019C - ERROR: StartService() error 5
20180730-10:34:31.374 00000B90 - ERROR: ERROR 0 0 in TransportTCP2::ReadExact()#2 in Vr::run_un
20180730-10:57:47.334 00000760 - ERROR: ERROR 0 0 in TransportTCP2::ReadExact()#2 in Vr::run_un
20180730-17:17:05.799 00001DCC - ERROR: StartService() error 5
20180730-18:08:27.356 00001378 - ERROR: StartService() error 5
20180731-08:11:55.652 00000448 - ERROR: StartService() error 5
20180801-09:28:35.768 00000780 - ERROR: StartService() error 5
20180801-18:00:26.823 00001BC4 - ERROR: ERROR 10054 -1 in TransportTCP2::ReadExact()#2 in Vr::run_un
20180802-08:11:26.313 00001F88 - ERROR: StartService() error 5
20180802-11:07:17.482 00001DD4 - ERROR: ERROR 0 0 in TransportTCP2::ReadExact()#2 in Vr::run_un
20180802-16:18:33.808 00001F34 - ERROR: StartService() error 5
20180802-16:39:43.145 00000DE8 - ERROR: StartService() error 5
20180802-16:39:43.625 000004EC - ERROR: StartService() error 5
20180803-07:56:02.676 00000EE0 - ERROR: StartService() error 5
20180803-16:18:42.888 000015A8 - ERROR: StartService() error 5
20180807-09:14:07.050 00000C88 - ERROR: StartService() error 5
20180808-07:53:30.771 00000810 - ERROR: StartService() error 5
20180808-07:53:30.869 000007C0 - ERROR: StartService() error 5
20180809-08:00:55.224 00000F04 - ERROR: StartService() error 5
20180813-09:34:00.101 000018E4 - ERROR: StartService() error 5
20180815-09:26:44.363 000022C4 - ERROR: StartService() error 5
20180820-13:23:33.305 00000C3C - ERROR: StartService() error 5
20180820-14:39:22.687 000004FC - ERROR: ERROR 10054 -1 in TransportTCP1::ReadExact()#2 in TrClient::Run()#239
20180820-14:42:31.774 00001834 - ERROR: Couldn't connect to routers 209.239.123.75:443,80,8080|173.224.123.242:443,80,8080|136.243.91.74:443,80,8080|
20180822-13:19:40.901 000012AC - ERROR: StartService() error 5
20180822-14:28:04.459 00001890 - ERROR: ERROR 10054 -1 in TransportTCP1::ReadExact()#2 in TrClient::Run()#239
20180823-09:28:20.415 00000308 - ERROR: ERROR 10054 -1 in TransportTCP1::ReadExact()#2 in TrClient::Run()#239
20180823-15:22:31.350 00002470 - ERROR: ERROR 10054 -1 in TransportTCP1::ReadExact()#2 in TrClient::Run()#239
20180823-15:36:17.197 000024D4 - ERROR: ERROR 10054 -1 in TransportTCP1::ReadExact()#2 in TrClient::Run()#239
20180824-07:50:22.296 000020AC - ERROR: ERROR 10054 -1 in TransportTCP1::ReadExact()#2 in TrClient::Run()#239
20180824-07:55:35.767 00002880 - ERROR: ERROR 10054 -1 in TransportTCP1::ReadExact()#2 in TrClient::Run()#239
20180824-07:55:36.360 0000082C - ERROR: Couldn't connect to routers 209.239.123.75:443,80,8080|173.224.123.242:443,80,8080|136.243.91.74:443,80,8080|
20180824-15:30:44.106 00001974 - ERROR: StartService() error 5
20180824-15:32:57.105 00000DC4 - ERROR: StartService() error 5
20180825-11:26:18.286 00000EB8 - ERROR: StartService() error 5
20180828-15:48:29.261 00001848 - ERROR: StartService() error 5
20180905-18:05:34.592 000036BC - ERROR: StartService() error 5
20180912-15:00:45.570 00003754 - ERROR: StartService() error 5
20180912-15:03:33.789 000023F0 - ERROR: StartService() error 5
20180912-16:08:20.797 00000D68 - ERROR: StartService() error 5
20180912-17:47:59.434 000015AC - ERROR: ERROR 10054 -1 in TransportTCP1::ReadExact()#2 in TrClient::Run()#239
20180913-08:05:53.527 00001400 - ERROR: ERROR 10054 -1 in TransportTCP1::ReadExact()#2 in TrClient::Run()#239
20180913-08:06:13.541 00002EE4 - ERROR: ERROR 10054 -1 in TransportTCP1::ReadExact()#2 in TrClient::Run()#239
20180913-14:12:39.028 00003164 - ERROR: ERROR 10054 -1 in TransportTCP1::ReadExact()#2 in TrClient::Run()#239
