20141104-10:23:04.396 000013B8 - ERROR: SetForegroundWindow()#1 Error 87
20141107-18:16:13.197 00001158 - ERROR: ERROR 10054 -1 in TransportTCP1::ReadExact()#2 in TrClient::Run()#239
20141107-18:18:04.207 00001450 - ERROR: ERROR 10054 -1 in TransportTCP1::ReadExact()#2 in TrClient::Run()#239
20141107-18:23:44.943 00001510 - ERROR: ERROR 10054 -1 in TransportTCP1::ReadExact()#2 in TrClient::Run()#239
20141107-18:26:52.311 00000E78 - ERROR: ERROR 10054 -1 in TransportTCP1::ReadExact()#2 in TrClient::Run()#239
20141110-08:59:24.027 00000DD8 - ERROR: SetForegroundWindow()#1 Error 87
20141110-14:40:14.658 0000076C - ERROR: Error in 'S:\Ammyy\sources\main\InteropCommon.cpp' #447
20141111-11:35:44.233 000011BC - ERROR: SetForegroundWindow()#1 Error 87
20141113-08:30:42.982 00000710 - ERROR: SetForegroundWindow()#1 Error 87
20141128-11:16:42.149 0000128C - ERROR: Error {12007} occured while connecting to server "http://rl.ammyy.com" 
20141212-11:51:33.560 00001274 - ERROR: SetForegroundWindow()#1 Error 87
20141222-13:02:37.229 000014EC - ERROR: SetForegroundWindow()#1 Error 87
20141222-13:45:05.941 000016FC - ERROR: SetForegroundWindow()#1 Error 87
20141222-13:58:12.152 0000128C - ERROR: SetForegroundWindow()#1 Error 87
20141222-16:18:16.901 00000ABC - ERROR: SetForegroundWindow()#1 Error 87
20141223-08:43:38.260 00000F9C - ERROR: SetForegroundWindow()#1 Error 87
20141223-08:44:01.313 00000F9C - ERROR: Error {12029} occured while connecting to server "http://rl.ammyy.com" 
20141223-08:44:03.892 00000C38 - ERROR: SetForegroundWindow()#1 Error 87
20141227-09:25:24.851 00001248 - ERROR: SetForegroundWindow()#1 Error 87
20150116-10:01:31.686 000006AC - ERROR: ERROR 0 0 in TransportTCP2::ReadExact()#2 in Vr::run_un
20150116-10:04:04.839 00000DE4 - ERROR: ERROR 0 0 in TransportTCP2::ReadExact()#2 in Vr::run_un
20150122-10:51:19.965 000001F0 - ERROR: ERROR 0 0 in TransportTCP2::ReadExact()#2 in Vr::run_un
20150122-11:26:48.798 00000154 - ERROR: ERROR 0 0 in TransportTCP2::ReadExact()#2 in Vr::run_un
20150528-17:41:57.415 00002040 - ERROR: ERROR 10054 -1 in TransportTCP1::ReadExact()#2 in TrClient::Run()#239
20150612-11:49:37.591 00000D0C - ERROR: ERROR 10054 -1 in TransportTCP2::ReadExact()#2 in Vr::run_un
20150612-11:51:28.517 00001530 - ERROR: ERROR 0 0 in TransportTCP2::ReadExact()#2 in Vr::run_un
20150612-12:17:49.626 0000167C - ERROR: ERROR 10054 -1 in TransportTCP1::ReadExact()#2 in TrClient::Run()#239
20150612-12:23:45.582 00000968 - ERROR: TrClient::Run()#1 'Ping timeout was expired'
20150612-12:49:01.355 000006A8 - ERROR: ERROR 10054 -1 in TransportTCP1::ReadExact()#2 in TrClient::Run()#239
20150612-12:53:13.461 00000D14 - ERROR: Couldn't connect to routers 173.224.123.242:443,80,8080|209.239.123.75:443,80,8080|88.198.6.55:443,80,8080|88.198.6.54:443,80,8080|
20150612-12:57:29.946 0000147C - ERROR: ERROR 10054 -1 in TransportTCP1::ReadExact()#2 in TrClient::Run()#239
20150612-13:54:03.692 0000178C - ERROR: ERROR 10054 -1 in TransportTCP1::ReadExact()#2 in TrClient::Run()#239
20150612-16:00:54.955 0000080C - ERROR: ERROR 10054 -1 in TransportTCP1::ReadExact()#2 in TrClient::Run()#239
20150722-10:55:05.234 00001660 - ERROR: Bad reply from server#2 http://rl.ammyy.com {6c756f43}
20150722-10:55:26.154 00001A50 - ERROR: Bad reply from server#2 http://rl.ammyy.com {6c756f43}
20150730-08:25:57.852 00001B38 - ERROR: Bad reply from server#2 http://rl.ammyy.com {6c756f43}
20150730-08:26:35.646 00000DF8 - ERROR: Bad reply from server#2 http://rl.ammyy.com {6c756f43}
20150921-07:58:48.593 000012AC - ERROR: Error {12007} occured while connecting to server "http://rl.ammyy.com" 
20151015-11:34:32.202 00001DD4 - ERROR: ERROR SetThreadDesktop(40) 170
20151019-10:58:26.701 0000141C - ERROR: Error {12029} occured while connecting to server "http://rl.ammyy.com" 
20151019-10:58:54.678 0000116C - ERROR: Error {12029} occured while connecting to server "http://rl.ammyy.com" 
