20140116-16:10:17.594 00000DB8 - ERROR: ERROR 0 0 in TransportTCP2::ReadExact()#2 in Vr::run_un
20140217-17:01:06.470 00000F08 - ERROR: SetForegroundWindow()#1 Error 87
20140218-11:45:39.113 00000ED0 - ERROR: SetForegroundWindow()#1 Error 87
20140218-14:49:14.577 000014AC - ERROR: SetForegroundWindow()#1 Error 87
20140218-15:00:08.113 00000640 - ERROR: ERROR 0 0 in TransportTCP2::ReadExact()#2 in Vr::run_un
20140218-16:28:19.626 000012EC - ERROR: SetForegroundWindow()#1 Error 87
20140218-16:28:58.879 000012EC - ERROR: Error {12007} occured while connecting to server "http://rl.ammyy.com" 
20140220-10:25:36.470 000004FC - ERROR: SetForegroundWindow()#1 Error 87
20140221-09:13:46.320 00000F28 - ERROR: SetForegroundWindow()#1 Error 87
20140221-15:56:13.696 000017A0 - ERROR: SetForegroundWindow()#1 Error 87
20140222-09:56:25.096 000017BC - ERROR: SetForegroundWindow()#1 Error 87
20140224-11:23:16.988 00001320 - ERROR: SetForegroundWindow()#1 Error 87
20140224-11:40:31.236 00001328 - ERROR: SetForegroundWindow()#1 Error 87
20140224-15:53:29.459 000013C4 - ERROR: SetForegroundWindow()#1 Error 87
20140224-15:54:17.325 00001570 - ERROR: SetForegroundWindow()#1 Error 87
20140224-16:35:13.505 000016B8 - ERROR: SetForegroundWindow()#1 Error 87
20140224-17:15:37.363 00000618 - ERROR: SetForegroundWindow()#1 Error 87
20140227-09:16:12.497 00000754 - ERROR: SetForegroundWindow()#1 Error 87
20140227-10:21:14.905 000004A4 - ERROR: SetForegroundWindow()#1 Error 87
20140227-10:44:29.736 00000904 - ERROR: SetForegroundWindow()#1 Error 87
20140228-10:35:08.330 00000E40 - ERROR: SetForegroundWindow()#1 Error 87
20140307-11:51:43.942 00001714 - ERROR: SetForegroundWindow()#1 Error 87
20140307-14:58:40.051 00000C4C - ERROR: SetForegroundWindow()#1 Error 87
20140307-16:05:40.329 000007A8 - ERROR: SetForegroundWindow()#1 Error 87
20140307-16:08:28.385 00000D0C - ERROR: SetForegroundWindow()#1 Error 87
20140307-16:40:16.298 0000049C - ERROR: SetForegroundWindow()#1 Error 87
20140310-16:10:39.231 00000F1C - ERROR: SetForegroundWindow()#1 Error 87
20140310-16:11:17.661 00000A54 - ERROR: SetForegroundWindow()#1 Error 87
20140311-15:15:48.264 000001A0 - ERROR: SetForegroundWindow()#1 Error 87
20140312-08:12:57.651 00000FD8 - ERROR: SetForegroundWindow()#1 Error 87
20140312-11:34:24.255 00000CA8 - ERROR: SetForegroundWindow()#1 Error 87
20140312-11:45:44.861 0000098C - ERROR: SetForegroundWindow()#1 Error 87
20140312-16:37:14.963 00000140 - ERROR: SetForegroundWindow()#1 Error 87
20140313-11:26:05.120 00000828 - ERROR: SetForegroundWindow()#1 Error 87
20140313-16:55:54.374 000016F8 - ERROR: SetForegroundWindow()#1 Error 87
20140314-11:51:50.571 00001464 - ERROR: SetForegroundWindow()#1 Error 87
20140317-15:07:14.900 00000E1C - ERROR: SetForegroundWindow()#1 Error 87
20140325-09:00:39.508 000011C4 - ERROR: SetForegroundWindow()#1 Error 87
20140331-10:24:10.850 00000290 - ERROR: SetForegroundWindow()#1 Error 87
20140401-09:35:42.343 00001400 - ERROR: SetForegroundWindow()#1 Error 87
20140407-08:31:31.754 00000290 - ERROR: SetForegroundWindow()#1 Error 87
20140408-11:27:15.669 00000D14 - ERROR: SetForegroundWindow()#1 Error 87
20140408-11:27:54.942 00000E20 - ERROR: SetForegroundWindow()#1 Error 87
20140425-14:30:10.107 00000A58 - ERROR: SetForegroundWindow()#1 Error 87
20140428-14:45:03.704 000017A8 - ERROR: SetForegroundWindow()#1 Error 87
20140428-16:31:17.524 00000994 - ERROR: SetForegroundWindow()#1 Error 87
20140508-08:04:52.414 00000CF8 - ERROR: SetForegroundWindow()#1 Error 87
20140508-08:05:52.901 00000620 - ERROR: SetForegroundWindow()#1 Error 87
20140512-17:00:49.624 0000135C - ERROR: SetForegroundWindow()#1 Error 87
20140514-08:44:23.322 000000DC - ERROR: SetForegroundWindow()#1 Error 87
20140519-10:39:10.569 00000DE8 - ERROR: SetForegroundWindow()#1 Error 87
20140519-17:23:26.536 00000380 - ERROR: SetForegroundWindow()#1 Error 87
20140520-14:34:20.113 00001610 - ERROR: SetForegroundWindow()#1 Error 87
20140520-16:36:48.197 00001010 - ERROR: SetForegroundWindow()#1 Error 87
20151214-08:27:11.844 00001148 - ERROR: StartService() error 5
20151214-08:27:13.133 00001148 - ERROR: SetForegroundWindow()#1 Error 87
20160202-14:23:01.397 00000760 - ERROR: StartService() error 5
20160202-14:23:03.024 00000760 - ERROR: SetForegroundWindow()#1 Error 87
20160304-10:47:30.644 00001FF8 - ERROR: StartService() error 5
20160304-10:47:32.211 00001FF8 - ERROR: SetForegroundWindow()#1 Error 87
20160314-09:05:01.230 000003C4 - ERROR: StartService() error 5
20160314-09:05:02.828 000003C4 - ERROR: SetForegroundWindow()#1 Error 87
20160314-17:34:38.347 000011AC - ERROR: ERROR 10054 -1 in TransportTCP1::ReadExact()#2 in TrClient::Run()#239
20160606-09:21:43.776 0000125C - ERROR: StartService() error 5
20160606-09:21:45.826 0000125C - ERROR: SetForegroundWindow()#1 Error 87
20160606-13:44:39.890 00000EB8 - ERROR: ERROR: Unhandled Exception eip=7C815DEA esp=00F4EEE0 ebp=00F4EF34
20160606-16:24:43.406 0000135C - ERROR: ERROR: Unhandled Exception eip=7C815DEA esp=00F4EEE0 ebp=00F4EF34
20160607-07:57:38.562 00001748 - ERROR: ERROR 10054 -1 in TransportTCP1::ReadExact()#2 in TrClient::Run()#239
20160607-08:57:28.703 000006D0 - ERROR: ERROR 0 0 in TransportTCP2::ReadExact()#2 in Vr::run_un
20170418-09:27:24.759 00000BC0 - ERROR: ERROR: Unhandled Exception eip=7C815DEA esp=00F4EEE0 ebp=00F4EF34
20170504-09:30:20.141 00000F2C - ERROR: ERROR: Unhandled Exception eip=7C815DEA esp=00F4EEE0 ebp=00F4EF34
